=========================
[debug] Login CAS Success...
[debug] Form Loaded...
[debug] Checkbox Checked...
[debug] Form Submitted...
[debug] 平安行动:填报健康信息(已完成)
[info] Checkin Success!
[info] End at 2021-01-23 17:51:57 +0800.
=========================
[info] Log Sent at 2021-01-23 17:51:59 Saturday
=========================

=========================
[debug] Login CAS Success...
[debug] Form Loaded...
[debug] Checkbox Checked...
[debug] Form Submitted...
[debug] 平安行动:填报健康信息(已完成)
[info] Checkin Success!
[info] End at 2021-01-24 10:08:16 +0800.
=========================
[info] Log Sent at 2021-01-24 10:08:19 Sunday
=========================

=========================
[debug] Login CAS Success...
[debug] Form Loaded...
[debug] Checkbox Checked...
[debug] Form Submitted...
[debug] 平安行动:填报健康信息(已完成)
[info] Checkin Success!
[info] End at 2021-01-25 10:05:27 +0800.
=========================
[info] Log Sent at 2021-01-25 10:05:30 Monday
=========================

=========================
[debug] Login CAS Success...
[debug] Form Loaded...
[debug] Checkbox Checked...
[debug] Form Submitted...
[debug] 平安行动:填报健康信息(已完成)
[info] Checkin Success!
[info] End at 2021-01-26 09:23:44 +0800.
=========================
[info] Log Sent at 2021-01-26 09:23:47 Tuesday
=========================

=========================
[debug] Login CAS Success...
[debug] Form Loaded...
[debug] Checkbox Checked...
[debug] Form Submitted...
[debug] 平安行动:填报健康信息(已完成)
[info] Checkin Success!
[info] End at 2021-01-27 09:22:21 +0800.
=========================
[info] Log Sent at 2021-01-27 09:22:23 Wednesday
=========================

=========================
[debug] Login CAS Success...
[debug] Form Loaded...
[debug] Checkbox Checked...
[debug] Form Submitted...
[debug] 平安行动:填报健康信息(已完成)
[info] Checkin Success!
[info] End at 2021-01-28 09:24:19 +0800.
=========================
[info] Log Sent at 2021-01-28 09:24:22 Thursday
=========================

=========================
[debug] Login CAS Success...
[debug] Form Loaded...
[debug] Checkbox Checked...
[debug] Form Submitted...
[debug] 平安行动:填报健康信息(已完成)
[info] Checkin Success!
[info] End at 2021-01-29 09:23:19 +0800.
=========================
[info] Log Sent at 2021-01-29 09:23:22 Friday
=========================

=========================
[debug] Login CAS Success...
[debug] Form Loaded...
[debug] Checkbox Checked...
[debug] Form Submitted...
[debug] 平安行动:填报健康信息(已完成)
[info] Checkin Success!
[info] End at 2021-01-30 09:22:18 +0800.
=========================
[info] Log Sent at 2021-01-30 09:22:21 Saturday
=========================

=========================
[debug] Login CAS Success...
[debug] Form Loaded...
[debug] Checkbox Checked...
[debug] Form Submitted...
[debug] 平安行动:填报健康信息(已完成)
[info] Checkin Success!
[info] End at 2021-01-31 09:26:01 +0800.
=========================
[info] Log Sent at 2021-01-31 09:26:07 Sunday
=========================

=========================
[debug] Login CAS Success...
[debug] Form Loaded...
[debug] Checkbox Checked...
[debug] Form Submitted...
[debug] 平安行动:填报健康信息(已完成)
[info] Checkin Success!
[info] End at 2021-02-01 09:26:09 +0800.
=========================
[info] Log Sent at 2021-02-01 09:26:12 Monday
=========================

=========================
[debug] Login CAS Success...
[debug] Form Loaded...
[debug] Checkbox Checked...
[debug] Form Submitted...
[debug] 平安行动:填报健康信息(已完成)
[info] Checkin Success!
[info] End at 2021-02-02 09:21:31 +0800.
=========================
[info] Log Sent at 2021-02-02 09:21:35 Tuesday
=========================

=========================
[debug] Login CAS Success...
[debug] Form Loaded...
[debug] Checkbox Checked...
[debug] Form Submitted...
[debug] 平安行动:填报健康信息(已完成)
[info] Checkin Success!
[info] End at 2021-02-03 09:13:14 +0800.
=========================
[info] Log Sent at 2021-02-03 09:13:16 Wednesday
=========================

=========================
[debug] Login CAS Success...
[debug] Form Loaded...
[debug] Checkbox Checked...
[debug] Form Submitted...
[debug] 平安行动:填报健康信息(已完成)
[info] Checkin Success!
[info] End at 2021-02-04 09:14:21 +0800.
=========================
[info] Log Sent at 2021-02-04 09:14:24 Thursday
=========================

